[debug] [2018-11-08T20:52:56.777Z] ----------------------------------------------------------------------
[debug] [2018-11-08T20:52:56.780Z] Command:       /usr/local/Cellar/node/10.12.0/bin/node /usr/local/bin/firebase serve
[debug] [2018-11-08T20:52:56.780Z] CLI Version:   6.0.0
[debug] [2018-11-08T20:52:56.780Z] Platform:      darwin
[debug] [2018-11-08T20:52:56.780Z] Node Version:  v10.12.0
[debug] [2018-11-08T20:52:56.781Z] Time:          Thu Nov 08 2018 12:52:56 GMT-0800 (Pacific Standard Time)
[debug] [2018-11-08T20:52:56.781Z] ----------------------------------------------------------------------
[debug] 
[debug] [2018-11-08T20:52:56.795Z] > command requires scopes: ["email","openid","https://www.googleapis.com/auth/cloudplatformprojects.readonly","https://www.googleapis.com/auth/firebase","https://www.googleapis.com/auth/cloud-platform"]
[debug] [2018-11-08T20:52:56.795Z] > authorizing via signed-in user
[debug] [2018-11-08T20:52:56.795Z] [iam] checking project site-rebuild-9136a for permissions ["firebase.projects.get"]
[debug] [2018-11-08T20:52:56.797Z] >>> HTTP REQUEST POST https://cloudresourcemanager.googleapis.com/v1/projects/site-rebuild-9136a:testIamPermissions  

[debug] [2018-11-08T20:52:56.943Z] <<< HTTP RESPONSE 200
[debug] [2018-11-08T20:52:56.944Z] >>> HTTP REQUEST GET https://cloudresourcemanager.googleapis.com/v1/projects/site-rebuild-9136a  
 
[debug] [2018-11-08T20:52:57.347Z] <<< HTTP RESPONSE 200
[info] 
[info] === Serving from '/Users/David/Desktop/site-rebuild'...
[info] 
[info] i  functions: Preparing to emulate functions.
[debug] [2018-11-08T20:52:58.198Z] Fetching environment
[debug] [2018-11-08T20:52:58.201Z] >>> HTTP REQUEST GET https://mobilesdk-pa.googleapis.com/v1/projects/455287499947:getServerAppConfig  
 
[debug] [2018-11-08T20:52:58.202Z] >>> HTTP REQUEST GET https://mobilesdk-pa.googleapis.com/v1/projects/455287499947/clients/_:getWebAppConfig  
 
[debug] [2018-11-08T20:52:58.318Z] <<< HTTP RESPONSE 200
[debug] [2018-11-08T20:52:58.318Z] Starting @google-cloud/functions-emulator
[debug] [2018-11-08T20:52:58.363Z] <<< HTTP RESPONSE 200
[info] i  hosting: Serving hosting files from: dist
[info] ✔  hosting: Local server: http://localhost:5000
[debug] [2018-11-08T20:52:59.890Z] Parsing function triggers
[info] i  functions: No HTTPS functions found. Use firebase functions:shell if you would like to emulate other types of functions.
